#
# A fatal error has been detected by the Java Runtime Environment:
#
#  Internal Error (javaClasses.cpp:129), pid=3376, tid=7984
#  fatal error: Invalid layout of preloaded class
#
# JRE version: 7.0_06-b24
# Java VM: Java HotSpot(TM) 64-Bit Server VM (23.2-b09 mixed mode windows-amd64 compressed oops)
# Failed to write core dump. Minidumps are not enabled by default on client versions of Windows
#
# If you would like to submit a bug report, please visit:
#   http://bugreport.sun.com/bugreport/crash.jsp
#

---------------  T H R E A D  ---------------

Current thread (0x0000000001fae800):  JavaThread "Unknown thread" [_thread_in_vm, id=7984, stack(0x0000000002230000,0x0000000002330000)]

Stack: [0x0000000002230000,0x0000000002330000]

---------------  P R O C E S S  ---------------

Java Threads: ( => current thread )

Other Threads:

=>0x0000000001fae800 (exited) JavaThread "Unknown thread" [_thread_in_vm, id=7984, stack(0x0000000002230000,0x0000000002330000)]

VM state:not at safepoint (not fully initialized)

VM Mutex/Monitor currently owned by a thread: None

GC Heap History (0 events):
No events

Deoptimization events (0 events):
No events

Internal exceptions (0 events):
No events

Events (10 events):
Event: 0.014 loading class 0x0000000001e83400 done
Event: 0.014 loading class 0x0000000001e4a930 done
Event: 0.014 loading class 0x0000000001e4a900
Event: 0.014 loading class 0x00000000084fc530
Event: 0.014 loading class 0x00000000084fc530 done
Event: 0.015 loading class 0x00000000084fc570
Event: 0.015 loading class 0x00000000084fc570 done
Event: 0.015 loading class 0x00000000084fd970
Event: 0.015 loading class 0x00000000084fd970 done
Event: 0.015 loading class 0x0000000001e4a900 done


Dynamic libraries:
0x000000013f300000 - 0x000000013f334000 	C:\Program Files\Java\jre7\bin\javaw.exe
0x00000000777b0000 - 0x0000000077959000 	C:\Windows\SYSTEM32\ntdll.dll
0x0000000077690000 - 0x00000000777af000 	C:\Windows\system32\kernel32.dll
0x000007fefd830000 - 0x000007fefd89b000 	C:\Windows\system32\KERNELBASE.dll
0x000007fefed00000 - 0x000007fefeddb000 	C:\Windows\system32\ADVAPI32.dll
0x000007feff500000 - 0x000007feff59f000 	C:\Windows\system32\msvcrt.dll
0x000007fefddb0000 - 0x000007fefddcf000 	C:\Windows\SYSTEM32\sechost.dll
0x000007feff020000 - 0x000007feff14d000 	C:\Windows\system32\RPCRT4.dll
0x0000000077590000 - 0x000000007768a000 	C:\Windows\system32\USER32.dll
0x000007fefd990000 - 0x000007fefd9f7000 	C:\Windows\system32\GDI32.dll
0x000007fefebe0000 - 0x000007fefebee000 	C:\Windows\system32\LPK.dll
0x000007fefdad0000 - 0x000007fefdb99000 	C:\Windows\system32\USP10.dll
0x000007fefc650000 - 0x000007fefc844000 	C:\Windows\WinSxS\amd64_microsoft.windows.common-controls_6595b64144ccf1df_6.0.7601.17514_none_fa396087175ac9ac\COMCTL32.dll
0x000007fefddd0000 - 0x000007fefde41000 	C:\Windows\system32\SHLWAPI.dll
0x000007feff7e0000 - 0x000007feff80e000 	C:\Windows\system32\IMM32.DLL
0x000007feff1f0000 - 0x000007feff2f9000 	C:\Windows\system32\MSCTF.dll
0x00000000676d0000 - 0x00000000677a1000 	C:\Program Files\Java\jre7\bin\msvcr100.dll
0x0000000066a30000 - 0x000000006714f000 	C:\Program Files\Java\jre7\bin\server\jvm.dll
0x000007fef8920000 - 0x000007fef8929000 	C:\Windows\system32\WSOCK32.dll
0x000007fefda00000 - 0x000007fefda4d000 	C:\Windows\system32\WS2_32.dll
0x000007fefebf0000 - 0x000007fefebf8000 	C:\Windows\system32\NSI.dll
0x000007fef9360000 - 0x000007fef939b000 	C:\Windows\system32\WINMM.dll
0x0000000077970000 - 0x0000000077977000 	C:\Windows\system32\PSAPI.DLL
0x0000000072d40000 - 0x0000000072d4f000 	C:\Program Files\Java\jre7\bin\verify.dll
0x0000000071080000 - 0x00000000710a8000 	C:\Program Files\Java\jre7\bin\java.dll
0x00000000710c0000 - 0x00000000710d5000 	C:\Program Files\Java\jre7\bin\zip.dll

VM Arguments:
jvm_args: -Dfile.encoding=Cp1252 -Xbootclasspath:C:\adt-bundle-windows-x86_64-20130917\sdk\platforms\android-18\android.jar 
java_command: ch.epfl.pokernfc.Test.GameTest
Launcher Type: SUN_STANDARD

Environment Variables:
JAVA_HOME=/cygdrive/c/javaNS/jdk1.7.0_06
PATH=C:\Windows\system32;C:\Program Files\NVIDIA GPU Computing Toolkit\CUDA\v5.5\bin;C:\Program Files\NVIDIA GPU Computing Toolkit\CUDA\v5.5\libnvvp;C:\QT\5.1.1\msvc2010_opengl\bin;C:\Program Files (x86)\PHP\;C:\Program Files (x86)\NVIDIA Corporation\PhysX\Common;C:\Program Files\SlickEditV17.0.3 x64\win\;C:\Program Files\ImageMagick-6.8.0-Q16;D:\opencv246\bin;C:\Windows;C:\Windows\System32\Wbem;C:\Program Files\WIDCOMM\Bluetooth Software\;C:\Program Files\WIDCOMM\Bluetooth Software\syswow64;C:\Program Files\Oracle\VirtualBox;C:\Cygwin\bin;C:\Windows\System32\WindowsPowerShell\v1.0\;C:\Program Files\Windows Imaging\;C:\Program Files\MATLAB\R2012b\bin;C:\Program Files (x86)\scala\\bin;C:\Program Files\Common Files\Autodesk Shared\;C:\Program Files (x86)\Autodesk\Backburner\;C:\Program Files (x86)\CMake 2.8\bin;C:\Program Files\doxygen\bin;c:\Program Files (x86)\Microsoft SQL Server\100\Tools\Binn\;c:\Program Files\Microsoft SQL Server\100\Tools\Binn\;c:\Program Files\Microsoft SQL Server\100\DTS\Binn\;C:\Program Files (x86)\Visual Leak Detector\bin\Win32;C:\Program Files (x86)\Visual Leak Detector\bin\Win64;C:\Program Files\MATLAB\MATLAB Compiler Runtime\v80\runtime\win64;D:\tbb\ia32\vc10;C:\Program Files\Intel\WiFi\bin\;C:\Program Files\Common Files\Intel\WirelessCommon\;C:\Program Files (x86)\Nmap;C:\Users\Loic\Coding_Main\1Hadoop\hadoop-0.21.0\bin;C:\Program Files (x86)\libQGLViewer\build\QGLViewer;C:\Users\Loic\Coding_Main\ADM\ffmpeg\bin;C:\Program Files (x86)\Microsoft Visual Studio 10.0\VC\bin\
USERNAME=Loic
OS=Windows_NT
PROCESSOR_IDENTIFIER=Intel64 Family 6 Model 23 Stepping 6, GenuineIntel



---------------  S Y S T E M  ---------------

OS: Windows 7 , 64 bit Build 7601 Service Pack 1

CPU:total 2 (2 cores per cpu, 1 threads per core) family 6 model 23 stepping 6, cmov, cx8, fxsr, mmx, sse, sse2, sse3, ssse3, sse4.1, tsc

Memory: 4k page, physical 4192292k(816764k free), swap 4467932k(424728k free)

vm_info: Java HotSpot(TM) 64-Bit Server VM (23.2-b09) for windows-amd64 JRE (1.7.0_06-b24), built on Aug  9 2012 20:44:07 by "java_re" with unknown MS VC++:1600

time: Fri Jan 17 02:35:31 2014
elapsed time: 0 seconds

