#
# A fatal error has been detected by the Java Runtime Environment:
#
#  Internal Error (javaClasses.cpp:129), pid=8024, tid=2400
#  fatal error: Invalid layout of preloaded class
#
# JRE version: 7.0_06-b24
# Java VM: Java HotSpot(TM) 64-Bit Server VM (23.2-b09 mixed mode windows-amd64 compressed oops)
# Failed to write core dump. Minidumps are not enabled by default on client versions of Windows
#
# If you would like to submit a bug report, please visit:
#   http://bugreport.sun.com/bugreport/crash.jsp
#

---------------  T H R E A D  ---------------

Current thread (0x000000000225e800):  JavaThread "Unknown thread" [_thread_in_vm, id=2400, stack(0x0000000002650000,0x0000000002750000)]

Stack: [0x0000000002650000,0x0000000002750000]

---------------  P R O C E S S  ---------------

Java Threads: ( => current thread )

Other Threads:

=>0x000000000225e800 (exited) JavaThread "Unknown thread" [_thread_in_vm, id=2400, stack(0x0000000002650000,0x0000000002750000)]

VM state:not at safepoint (not fully initialized)

VM Mutex/Monitor currently owned by a thread: None

GC Heap History (0 events):
No events

Deoptimization events (0 events):
No events

Internal exceptions (0 events):
No events

Events (10 events):
Event: 0.014 loading class 0x00000000022c3360 done
Event: 0.014 loading class 0x000000000228a930 done
Event: 0.014 loading class 0x000000000228a900
Event: 0.016 loading class 0x0000000002318ec0
Event: 0.016 loading class 0x0000000002318ec0 done
Event: 0.016 loading class 0x0000000002318f00
Event: 0.016 loading class 0x0000000002318f00 done
Event: 0.016 loading class 0x00000000086fe980
Event: 0.016 loading class 0x00000000086fe980 done
Event: 0.016 loading class 0x000000000228a900 done


Dynamic libraries:
0x000000013ff20000 - 0x000000013ff54000 	C:\Program Files\Java\jre7\bin\javaw.exe
0x0000000076fb0000 - 0x0000000077159000 	C:\Windows\SYSTEM32\ntdll.dll
0x0000000076e90000 - 0x0000000076faf000 	C:\Windows\system32\kernel32.dll
0x000007fefcf40000 - 0x000007fefcfab000 	C:\Windows\system32\KERNELBASE.dll
0x000007feff1e0000 - 0x000007feff2bb000 	C:\Windows\system32\ADVAPI32.dll
0x000007fefd780000 - 0x000007fefd81f000 	C:\Windows\system32\msvcrt.dll
0x000007fefd470000 - 0x000007fefd48f000 	C:\Windows\SYSTEM32\sechost.dll
0x000007fefe650000 - 0x000007fefe77d000 	C:\Windows\system32\RPCRT4.dll
0x0000000076d90000 - 0x0000000076e8a000 	C:\Windows\system32\USER32.dll
0x000007fefebd0000 - 0x000007fefec37000 	C:\Windows\system32\GDI32.dll
0x000007feff1c0000 - 0x000007feff1ce000 	C:\Windows\system32\LPK.dll
0x000007fefec40000 - 0x000007fefed09000 	C:\Windows\system32\USP10.dll
0x000007fefbe50000 - 0x000007fefc044000 	C:\Windows\WinSxS\amd64_microsoft.windows.common-controls_6595b64144ccf1df_6.0.7601.17514_none_fa396087175ac9ac\COMCTL32.dll
0x000007fefd190000 - 0x000007fefd201000 	C:\Windows\system32\SHLWAPI.dll
0x000007fefd300000 - 0x000007fefd32e000 	C:\Windows\system32\IMM32.DLL
0x000007fefd510000 - 0x000007fefd619000 	C:\Windows\system32\MSCTF.dll
0x000000005be30000 - 0x000000005bf01000 	C:\Program Files\Java\jre7\bin\msvcr100.dll
0x000000005b710000 - 0x000000005be2f000 	C:\Program Files\Java\jre7\bin\server\jvm.dll
0x000007fef8740000 - 0x000007fef8749000 	C:\Windows\system32\WSOCK32.dll
0x000007fefd2b0000 - 0x000007fefd2fd000 	C:\Windows\system32\WS2_32.dll
0x000007feff1d0000 - 0x000007feff1d8000 	C:\Windows\system32\NSI.dll
0x000007fef9400000 - 0x000007fef943b000 	C:\Windows\system32\WINMM.dll
0x0000000077180000 - 0x0000000077187000 	C:\Windows\system32\PSAPI.DLL
0x00000000672f0000 - 0x00000000672ff000 	C:\Program Files\Java\jre7\bin\verify.dll
0x000000005b6e0000 - 0x000000005b708000 	C:\Program Files\Java\jre7\bin\java.dll
0x000000005b6c0000 - 0x000000005b6d5000 	C:\Program Files\Java\jre7\bin\zip.dll

VM Arguments:
jvm_args: -Dfile.encoding=Cp1252 -Xbootclasspath:C:\adt-bundle-windows-x86_64-20130917\sdk\platforms\android-19\android.jar 
java_command: ch.epfl.pokernfc.Logic.network.javaTest
Launcher Type: SUN_STANDARD

Environment Variables:
JAVA_HOME=/cygdrive/c/javaNS/jdk1.7.0_06
PATH=C:\Windows\system32;C:\Program Files\NVIDIA GPU Computing Toolkit\CUDA\v5.5\bin;C:\Program Files\NVIDIA GPU Computing Toolkit\CUDA\v5.5\libnvvp;C:\QT\5.1.1\msvc2010_opengl\bin;C:\Program Files (x86)\PHP\;C:\Program Files (x86)\NVIDIA Corporation\PhysX\Common;C:\Program Files\SlickEditV17.0.3 x64\win\;C:\Program Files\ImageMagick-6.8.0-Q16;D:\opencv246\bin;C:\Windows;C:\Windows\System32\Wbem;C:\Program Files\WIDCOMM\Bluetooth Software\;C:\Program Files\WIDCOMM\Bluetooth Software\syswow64;C:\Program Files\Oracle\VirtualBox;C:\Cygwin\bin;C:\Windows\System32\WindowsPowerShell\v1.0\;C:\Program Files\Windows Imaging\;C:\Program Files\MATLAB\R2012b\bin;C:\Program Files (x86)\scala\\bin;C:\Program Files\Common Files\Autodesk Shared\;C:\Program Files (x86)\Autodesk\Backburner\;C:\Program Files (x86)\CMake 2.8\bin;C:\Program Files\doxygen\bin;c:\Program Files (x86)\Microsoft SQL Server\100\Tools\Binn\;c:\Program Files\Microsoft SQL Server\100\Tools\Binn\;c:\Program Files\Microsoft SQL Server\100\DTS\Binn\;C:\Program Files (x86)\Visual Leak Detector\bin\Win32;C:\Program Files (x86)\Visual Leak Detector\bin\Win64;C:\Program Files\MATLAB\MATLAB Compiler Runtime\v80\runtime\win64;D:\tbb\ia32\vc10;C:\Program Files\Intel\WiFi\bin\;C:\Program Files\Common Files\Intel\WirelessCommon\;C:\Program Files (x86)\Nmap;C:\Users\Loic\Coding_Main\1Hadoop\hadoop-0.21.0\bin;C:\Program Files (x86)\libQGLViewer\build\QGLViewer;C:\Users\Loic\Coding_Main\ADM\ffmpeg\bin;C:\Program Files (x86)\Microsoft Visual Studio 10.0\VC\bin\
USERNAME=Loic
OS=Windows_NT
PROCESSOR_IDENTIFIER=Intel64 Family 6 Model 23 Stepping 6, GenuineIntel



---------------  S Y S T E M  ---------------

OS: Windows 7 , 64 bit Build 7601 Service Pack 1

CPU:total 2 (2 cores per cpu, 1 threads per core) family 6 model 23 stepping 6, cmov, cx8, fxsr, mmx, sse, sse2, sse3, ssse3, sse4.1, tsc

Memory: 4k page, physical 4192292k(1068024k free), swap 4395228k(427552k free)

vm_info: Java HotSpot(TM) 64-Bit Server VM (23.2-b09) for windows-amd64 JRE (1.7.0_06-b24), built on Aug  9 2012 20:44:07 by "java_re" with unknown MS VC++:1600

time: Sun Jan 12 17:53:25 2014
elapsed time: 0 seconds

